2025-02-14 17:34:19,462 - INFO - 成功解析GPS数据: 纬度=50.86642166666667, 经度=-0.08647666666666667
2025-02-14 17:34:19,968 - INFO - 成功解析GPS数据: 纬度=50.86642166666667, 经度=-0.08647666666666667
2025-02-14 17:34:20,473 - INFO - 成功解析GPS数据: 纬度=50.86642166666667, 经度=-0.08647666666666667
2025-02-14 17:34:20,978 - INFO - 成功解析GPS数据: 纬度=50.86642166666667, 经度=-0.08647666666666667
2025-02-14 17:34:21,480 - INFO - 成功解析GPS数据: 纬度=50.86642166666667, 经度=-0.08647666666666667
2025-02-14 17:34:21,989 - INFO - 成功解析GPS数据: 纬度=50.86642166666667, 经度=-0.08647666666666667
2025-02-14 17:34:22,495 - INFO - 成功解析GPS数据: 纬度=50.86642166666667, 经度=-0.08647666666666667
2025-02-14 17:34:23,001 - INFO - 成功解析GPS数据: 纬度=50.86642166666667, 经度=-0.08647666666666667
2025-02-14 17:34:23,503 - INFO - 成功解析GPS数据: 纬度=50.86642166666667, 经度=-0.08647666666666667
2025-02-14 17:34:24,004 - INFO - 成功解析GPS数据: 纬度=50.86642166666667, 经度=-0.08647666666666667
2025-02-14 17:34:24,512 - INFO - 成功解析GPS数据: 纬度=50.86642166666667, 经度=-0.08647666666666667
2025-02-14 17:34:25,018 - INFO - 成功解析GPS数据: 纬度=50.86642166666667, 经度=-0.08647666666666667
2025-02-14 17:34:25,520 - INFO - 成功解析GPS数据: 纬度=50.86642166666667, 经度=-0.08647666666666667
2025-02-14 17:34:26,025 - INFO - 成功解析GPS数据: 纬度=50.86642166666667, 经度=-0.08647666666666667
2025-02-14 17:34:26,531 - INFO - 成功解析GPS数据: 纬度=50.86642166666667, 经度=-0.08647666666666667
2025-02-14 17:34:27,035 - INFO - 成功解析GPS数据: 纬度=50.86642166666667, 经度=-0.08647666666666667
2025-02-14 17:34:27,541 - INFO - 成功解析GPS数据: 纬度=50.86642166666667, 经度=-0.08647666666666667
2025-02-14 17:34:28,047 - INFO - 成功解析GPS数据: 纬度=50.86642166666667, 经度=-0.08647666666666667
2025-02-14 17:34:28,556 - INFO - 成功解析GPS数据: 纬度=50.86642166666667, 经度=-0.08647666666666667
2025-02-14 17:34:29,062 - INFO - 成功解析GPS数据: 纬度=50.86642166666667, 经度=-0.08647666666666667
2025-02-14 17:34:29,567 - INFO - 成功解析GPS数据: 纬度=50.86642166666667, 经度=-0.08647666666666667
2025-02-14 17:34:30,073 - INFO - 成功解析GPS数据: 纬度=50.86642166666667, 经度=-0.08647666666666667
2025-02-14 17:34:30,579 - INFO - 成功解析GPS数据: 纬度=50.86642166666667, 经度=-0.08647666666666667
2025-02-14 17:34:31,083 - INFO - 成功解析GPS数据: 纬度=50.86642166666667, 经度=-0.08647666666666667
2025-02-14 17:34:31,586 - INFO - 成功解析GPS数据: 纬度=50.86642166666667, 经度=-0.08647666666666667
2025-02-14 17:34:32,092 - INFO - 成功解析GPS数据: 纬度=50.86642166666667, 经度=-0.08647666666666667
2025-02-14 17:34:32,597 - INFO - 成功解析GPS数据: 纬度=50.86642166666667, 经度=-0.08647666666666667
2025-02-14 17:34:33,100 - INFO - 成功解析GPS数据: 纬度=50.86642166666667, 经度=-0.08647666666666667
2025-02-14 17:34:33,603 - INFO - 成功解析GPS数据: 纬度=50.86642166666667, 经度=-0.08647666666666667
2025-02-14 17:34:34,108 - INFO - 成功解析GPS数据: 纬度=50.86642166666667, 经度=-0.08647666666666667
2025-02-14 17:34:34,374 - INFO - 程序被用户中断
2025-02-14 17:34:34,374 - ERROR - 清理共享内存资源时发生错误: name 'memory' is not defined
2025-02-14 17:38:16,238 - ERROR - 不支持的NMEA语句格式: GGA,165529.60,5051.9855,N,00005.1880,W,1,14,1.83,84.18,M,45.444,M,,*4F$GPGGA,165529.80,5051.9857,N,00005.1878,W,1,14,1.83,84.
2025-02-14 17:38:16,743 - ERROR - 不支持的NMEA语句格式: GGA,165529.60,5051.9855,N,00005.1880,W,1,14,1.83,84.18,M,45.444,M,,*4F$GPGGA,165529.80,5051.9857,N,00005.1878,W,1,14,1.83,84.
2025-02-14 17:38:17,248 - ERROR - 不支持的NMEA语句格式: GGA,165529.60,5051.9855,N,00005.1880,W,1,14,1.83,84.18,M,45.444,M,,*4F$GPGGA,165529.80,5051.9857,N,00005.1878,W,1,14,1.83,84.
2025-02-14 17:38:17,753 - ERROR - 不支持的NMEA语句格式: GGA,165529.60,5051.9855,N,00005.1880,W,1,14,1.83,84.18,M,45.444,M,,*4F$GPGGA,165529.80,5051.9857,N,00005.1878,W,1,14,1.83,84.
2025-02-14 17:38:18,254 - ERROR - 不支持的NMEA语句格式: GGA,165529.60,5051.9855,N,00005.1880,W,1,14,1.83,84.18,M,45.444,M,,*4F$GPGGA,165529.80,5051.9857,N,00005.1878,W,1,14,1.83,84.
2025-02-14 17:38:18,760 - ERROR - 不支持的NMEA语句格式: GGA,165529.60,5051.9855,N,00005.1880,W,1,14,1.83,84.18,M,45.444,M,,*4F$GPGGA,165529.80,5051.9857,N,00005.1878,W,1,14,1.83,84.
2025-02-14 17:38:19,265 - ERROR - 不支持的NMEA语句格式: GGA,165529.60,5051.9855,N,00005.1880,W,1,14,1.83,84.18,M,45.444,M,,*4F$GPGGA,165529.80,5051.9857,N,00005.1878,W,1,14,1.83,84.
2025-02-14 17:38:19,769 - ERROR - 不支持的NMEA语句格式: GGA,165529.60,5051.9855,N,00005.1880,W,1,14,1.83,84.18,M,45.444,M,,*4F$GPGGA,165529.80,5051.9857,N,00005.1878,W,1,14,1.83,84.
2025-02-14 17:38:19,963 - INFO - 程序被用户中断
2025-02-14 17:38:19,963 - ERROR - 清理共享内存资源时发生错误: name 'memory' is not defined
2025-02-14 17:38:25,570 - ERROR - 不支持的NMEA语句格式: GA,165529.60,5051.9855,N,00005.1880,W,1,14,1.83,84.18,M,45.444,M,,*4F$GPGGA,165529.80,5051.9857,N,00005.1878,W,1,14,1.83,84.
2025-02-14 17:38:26,075 - ERROR - 不支持的NMEA语句格式: GA,165529.60,5051.9855,N,00005.1880,W,1,14,1.83,84.18,M,45.444,M,,*4F$GPGGA,165529.80,5051.9857,N,00005.1878,W,1,14,1.83,84.
2025-02-14 17:38:26,578 - ERROR - 不支持的NMEA语句格式: GA,165529.60,5051.9855,N,00005.1880,W,1,14,1.83,84.18,M,45.444,M,,*4F$GPGGA,165529.80,5051.9857,N,00005.1878,W,1,14,1.83,84.
2025-02-14 17:38:27,084 - ERROR - 不支持的NMEA语句格式: GA,165529.60,5051.9855,N,00005.1880,W,1,14,1.83,84.18,M,45.444,M,,*4F$GPGGA,165529.80,5051.9857,N,00005.1878,W,1,14,1.83,84.
2025-02-14 17:38:27,336 - INFO - 程序被用户中断
2025-02-14 17:38:27,337 - ERROR - 清理共享内存资源时发生错误: name 'memory' is not defined
2025-02-14 17:39:14,076 - INFO - 成功解析GPS数据: 纬度=50.86642166666667, 经度=-0.08647999999999999
2025-02-14 17:39:14,374 - WARNING - 发送失败，准备第2次重试: 500 Server Error: INTERNAL SERVER ERROR for url: http://3.145.92.81:5002//data
2025-02-14 17:39:15,679 - WARNING - 发送失败，准备第3次重试: 500 Server Error: INTERNAL SERVER ERROR for url: http://3.145.92.81:5002//data
2025-02-14 17:39:16,984 - ERROR - 发送失败，已达到最大重试次数: 500 Server Error: INTERNAL SERVER ERROR for url: http://3.145.92.81:5002//data
2025-02-14 17:39:17,490 - INFO - 成功解析GPS数据: 纬度=50.86642166666667, 经度=-0.08647999999999999
2025-02-14 17:39:17,793 - WARNING - 发送失败，准备第2次重试: 500 Server Error: INTERNAL SERVER ERROR for url: http://3.145.92.81:5002//data
2025-02-14 17:39:18,879 - INFO - 程序被用户中断
2025-02-14 17:39:18,879 - ERROR - 清理共享内存资源时发生错误: name 'memory' is not defined
2025-02-14 17:39:26,561 - INFO - 成功解析GPS数据: 纬度=50.86642166666667, 经度=-0.08647999999999999
2025-02-14 17:39:27,067 - INFO - 成功解析GPS数据: 纬度=50.86642166666667, 经度=-0.08647999999999999
2025-02-14 17:39:27,570 - INFO - 成功解析GPS数据: 纬度=50.86642166666667, 经度=-0.08647999999999999
2025-02-14 17:39:28,075 - INFO - 成功解析GPS数据: 纬度=50.86642166666667, 经度=-0.08647999999999999
2025-02-14 17:39:28,581 - INFO - 成功解析GPS数据: 纬度=50.86642166666667, 经度=-0.08647999999999999
2025-02-14 17:39:29,086 - INFO - 成功解析GPS数据: 纬度=50.86642166666667, 经度=-0.08647999999999999
2025-02-14 17:39:29,591 - INFO - 成功解析GPS数据: 纬度=50.86642166666667, 经度=-0.08647999999999999
2025-02-14 17:39:30,093 - INFO - 成功解析GPS数据: 纬度=50.86642166666667, 经度=-0.08647999999999999
2025-02-14 17:39:30,598 - INFO - 成功解析GPS数据: 纬度=50.86642166666667, 经度=-0.08647999999999999
2025-02-14 17:39:31,099 - INFO - 成功解析GPS数据: 纬度=50.86642166666667, 经度=-0.08647999999999999
2025-02-14 17:39:31,604 - INFO - 成功解析GPS数据: 纬度=50.86642166666667, 经度=-0.08647999999999999
2025-02-14 17:39:32,110 - INFO - 成功解析GPS数据: 纬度=50.86642166666667, 经度=-0.08647999999999999
2025-02-14 17:39:32,611 - INFO - 成功解析GPS数据: 纬度=50.86642166666667, 经度=-0.08647999999999999
2025-02-14 17:39:33,114 - INFO - 成功解析GPS数据: 纬度=50.86642166666667, 经度=-0.08647999999999999
2025-02-14 17:39:33,619 - INFO - 成功解析GPS数据: 纬度=50.86642166666667, 经度=-0.08647999999999999
2025-02-14 17:39:34,124 - INFO - 成功解析GPS数据: 纬度=50.86642166666667, 经度=-0.08647999999999999
2025-02-14 17:39:34,630 - INFO - 成功解析GPS数据: 纬度=50.86642166666667, 经度=-0.08647999999999999
2025-02-14 17:39:35,137 - INFO - 成功解析GPS数据: 纬度=50.86642166666667, 经度=-0.08647999999999999
2025-02-14 17:39:35,643 - INFO - 成功解析GPS数据: 纬度=50.86642166666667, 经度=-0.08647999999999999
2025-02-14 17:39:36,147 - INFO - 成功解析GPS数据: 纬度=50.86642166666667, 经度=-0.08647999999999999
2025-02-14 17:39:36,652 - INFO - 成功解析GPS数据: 纬度=50.86642166666667, 经度=-0.08647999999999999
2025-02-14 17:39:37,158 - INFO - 成功解析GPS数据: 纬度=50.86642166666667, 经度=-0.08647999999999999
2025-02-14 17:39:37,662 - INFO - 成功解析GPS数据: 纬度=50.86642166666667, 经度=-0.08647999999999999
2025-02-14 17:39:38,168 - INFO - 成功解析GPS数据: 纬度=50.86642166666667, 经度=-0.08647999999999999
2025-02-14 17:39:38,673 - INFO - 成功解析GPS数据: 纬度=50.86642166666667, 经度=-0.08647999999999999
2025-02-14 17:39:39,175 - INFO - 成功解析GPS数据: 纬度=50.86642166666667, 经度=-0.08647999999999999
2025-02-14 17:39:39,677 - INFO - 成功解析GPS数据: 纬度=50.86642166666667, 经度=-0.08647999999999999
2025-02-14 17:39:40,183 - INFO - 成功解析GPS数据: 纬度=50.86642166666667, 经度=-0.08647999999999999
2025-02-14 17:39:40,688 - INFO - 成功解析GPS数据: 纬度=50.86642166666667, 经度=-0.08647999999999999
2025-02-14 17:39:41,193 - INFO - 成功解析GPS数据: 纬度=50.86642166666667, 经度=-0.08647999999999999
2025-02-14 17:39:41,696 - INFO - 成功解析GPS数据: 纬度=50.86642166666667, 经度=-0.08647999999999999
2025-02-14 17:39:42,202 - INFO - 成功解析GPS数据: 纬度=50.86642166666667, 经度=-0.08647999999999999
2025-02-14 17:39:42,705 - INFO - 成功解析GPS数据: 纬度=50.86642166666667, 经度=-0.08647999999999999
2025-02-14 17:39:43,210 - INFO - 成功解析GPS数据: 纬度=50.86642166666667, 经度=-0.08647999999999999
2025-02-14 17:39:43,715 - INFO - 成功解析GPS数据: 纬度=50.86642166666667, 经度=-0.08647999999999999
2025-02-14 17:39:44,221 - INFO - 成功解析GPS数据: 纬度=50.86642166666667, 经度=-0.08647999999999999
2025-02-14 17:39:44,726 - INFO - 成功解析GPS数据: 纬度=50.86642166666667, 经度=-0.08647999999999999
2025-02-14 17:39:45,231 - INFO - 成功解析GPS数据: 纬度=50.86642166666667, 经度=-0.08647999999999999
2025-02-14 17:39:45,737 - INFO - 成功解析GPS数据: 纬度=50.86642166666667, 经度=-0.08647999999999999
2025-02-14 17:39:46,240 - INFO - 成功解析GPS数据: 纬度=50.86642166666667, 经度=-0.08647999999999999
2025-02-14 17:39:46,745 - INFO - 成功解析GPS数据: 纬度=50.86642166666667, 经度=-0.08647999999999999
2025-02-14 17:39:47,249 - INFO - 成功解析GPS数据: 纬度=50.86642166666667, 经度=-0.08647999999999999
2025-02-14 17:39:47,755 - INFO - 成功解析GPS数据: 纬度=50.86642166666667, 经度=-0.08647999999999999
2025-02-14 17:39:48,257 - INFO - 成功解析GPS数据: 纬度=50.86642166666667, 经度=-0.08647999999999999
2025-02-14 17:39:48,762 - INFO - 成功解析GPS数据: 纬度=50.86642166666667, 经度=-0.08647999999999999
2025-02-14 17:39:49,268 - INFO - 成功解析GPS数据: 纬度=50.86642166666667, 经度=-0.08647999999999999
2025-02-14 17:39:49,773 - INFO - 成功解析GPS数据: 纬度=50.86642166666667, 经度=-0.08647999999999999
2025-02-14 17:39:50,278 - INFO - 成功解析GPS数据: 纬度=50.86642166666667, 经度=-0.08647999999999999
2025-02-14 17:39:50,784 - INFO - 成功解析GPS数据: 纬度=50.86642166666667, 经度=-0.08647999999999999
2025-02-14 17:39:51,286 - INFO - 成功解析GPS数据: 纬度=50.86642166666667, 经度=-0.08647999999999999
2025-02-14 17:39:51,792 - INFO - 成功解析GPS数据: 纬度=50.86642166666667, 经度=-0.08647999999999999
2025-02-14 17:39:52,294 - INFO - 成功解析GPS数据: 纬度=50.86642166666667, 经度=-0.08647999999999999
2025-02-14 17:39:52,796 - INFO - 成功解析GPS数据: 纬度=50.86642166666667, 经度=-0.08647999999999999
2025-02-14 17:39:53,296 - INFO - 成功解析GPS数据: 纬度=50.86642166666667, 经度=-0.08647999999999999
2025-02-14 17:39:53,802 - INFO - 成功解析GPS数据: 纬度=50.86642166666667, 经度=-0.08647999999999999
2025-02-14 17:39:54,306 - INFO - 成功解析GPS数据: 纬度=50.86642166666667, 经度=-0.08647999999999999
2025-02-14 17:39:54,811 - INFO - 成功解析GPS数据: 纬度=50.86642166666667, 经度=-0.08647999999999999
2025-02-14 17:39:55,319 - INFO - 成功解析GPS数据: 纬度=50.86642166666667, 经度=-0.08647999999999999
2025-02-14 17:39:55,825 - INFO - 成功解析GPS数据: 纬度=50.86642166666667, 经度=-0.08647999999999999
2025-02-14 17:39:56,331 - INFO - 成功解析GPS数据: 纬度=50.86642166666667, 经度=-0.08647999999999999
2025-02-14 17:39:56,836 - INFO - 成功解析GPS数据: 纬度=50.86642166666667, 经度=-0.08647999999999999
2025-02-14 17:39:57,342 - INFO - 成功解析GPS数据: 纬度=50.86642166666667, 经度=-0.08647999999999999
2025-02-14 17:39:57,848 - INFO - 成功解析GPS数据: 纬度=50.86642166666667, 经度=-0.08647999999999999
2025-02-14 17:39:58,352 - INFO - 成功解析GPS数据: 纬度=50.86642166666667, 经度=-0.08647999999999999
2025-02-14 17:39:58,858 - INFO - 成功解析GPS数据: 纬度=50.86642166666667, 经度=-0.08647999999999999
2025-02-14 17:39:59,363 - INFO - 成功解析GPS数据: 纬度=50.86642166666667, 经度=-0.08647999999999999
2025-02-14 17:39:59,870 - INFO - 成功解析GPS数据: 纬度=50.86642166666667, 经度=-0.08647999999999999
2025-02-14 17:40:00,376 - INFO - 成功解析GPS数据: 纬度=50.86642166666667, 经度=-0.08647999999999999
2025-02-14 17:40:00,881 - INFO - 成功解析GPS数据: 纬度=50.86642166666667, 经度=-0.08647999999999999
2025-02-14 17:40:01,382 - INFO - 成功解析GPS数据: 纬度=50.86642166666667, 经度=-0.08647999999999999
2025-02-14 17:40:01,888 - INFO - 成功解析GPS数据: 纬度=50.86642166666667, 经度=-0.08647999999999999
2025-02-14 17:40:02,392 - INFO - 成功解析GPS数据: 纬度=50.86642166666667, 经度=-0.08647999999999999
2025-02-14 17:40:02,896 - INFO - 成功解析GPS数据: 纬度=50.86642166666667, 经度=-0.08647999999999999
2025-02-14 17:40:03,401 - INFO - 成功解析GPS数据: 纬度=50.86642166666667, 经度=-0.08647999999999999
2025-02-14 17:40:03,903 - INFO - 成功解析GPS数据: 纬度=50.86642166666667, 经度=-0.08647999999999999
2025-02-14 17:40:04,404 - INFO - 成功解析GPS数据: 纬度=50.86642166666667, 经度=-0.08647999999999999
2025-02-14 17:40:04,905 - INFO - 成功解析GPS数据: 纬度=50.86642166666667, 经度=-0.08647999999999999
2025-02-14 17:40:05,410 - INFO - 成功解析GPS数据: 纬度=50.86642166666667, 经度=-0.08647999999999999
2025-02-14 17:40:05,915 - INFO - 成功解析GPS数据: 纬度=50.86642166666667, 经度=-0.08647999999999999
2025-02-14 17:40:06,421 - INFO - 成功解析GPS数据: 纬度=50.86642166666667, 经度=-0.08647999999999999
2025-02-14 17:40:06,927 - INFO - 成功解析GPS数据: 纬度=50.86642166666667, 经度=-0.08647999999999999
2025-02-14 17:40:07,430 - INFO - 成功解析GPS数据: 纬度=50.86642166666667, 经度=-0.08647999999999999
2025-02-14 17:40:07,936 - INFO - 成功解析GPS数据: 纬度=50.86642166666667, 经度=-0.08647999999999999
2025-02-14 17:40:08,439 - INFO - 成功解析GPS数据: 纬度=50.86642166666667, 经度=-0.08647999999999999
2025-02-14 17:40:08,944 - INFO - 成功解析GPS数据: 纬度=50.86642166666667, 经度=-0.08647999999999999
2025-02-14 17:40:09,448 - INFO - 成功解析GPS数据: 纬度=50.86642166666667, 经度=-0.08647999999999999
2025-02-14 17:40:09,950 - INFO - 成功解析GPS数据: 纬度=50.86642166666667, 经度=-0.08647999999999999
2025-02-14 17:40:10,453 - INFO - 成功解析GPS数据: 纬度=50.86642166666667, 经度=-0.08647999999999999
2025-02-14 17:40:10,957 - INFO - 成功解析GPS数据: 纬度=50.86642166666667, 经度=-0.08647999999999999
2025-02-14 17:40:11,462 - INFO - 成功解析GPS数据: 纬度=50.86642166666667, 经度=-0.08647999999999999
2025-02-14 17:40:11,968 - INFO - 成功解析GPS数据: 纬度=50.86642166666667, 经度=-0.08647999999999999
2025-02-14 17:40:12,473 - INFO - 成功解析GPS数据: 纬度=50.86642166666667, 经度=-0.08647999999999999
2025-02-14 17:40:12,977 - INFO - 成功解析GPS数据: 纬度=50.86642166666667, 经度=-0.08647999999999999
2025-02-14 17:40:13,481 - INFO - 成功解析GPS数据: 纬度=50.86642166666667, 经度=-0.08647999999999999
2025-02-14 17:40:13,986 - INFO - 成功解析GPS数据: 纬度=50.86642166666667, 经度=-0.08647999999999999
2025-02-14 17:40:14,487 - INFO - 成功解析GPS数据: 纬度=50.86642166666667, 经度=-0.08647999999999999
2025-02-14 17:40:14,994 - INFO - 成功解析GPS数据: 纬度=50.86642166666667, 经度=-0.08647999999999999
2025-02-14 17:40:15,499 - INFO - 成功解析GPS数据: 纬度=50.86642166666667, 经度=-0.08647999999999999
2025-02-14 17:40:16,002 - INFO - 成功解析GPS数据: 纬度=50.86642166666667, 经度=-0.08647999999999999
2025-02-14 17:40:16,507 - INFO - 成功解析GPS数据: 纬度=50.86642166666667, 经度=-0.08647999999999999
2025-02-14 17:40:17,012 - INFO - 成功解析GPS数据: 纬度=50.86642166666667, 经度=-0.08647999999999999
2025-02-14 17:40:17,518 - INFO - 成功解析GPS数据: 纬度=50.86642166666667, 经度=-0.08647999999999999
2025-02-14 17:40:18,023 - INFO - 成功解析GPS数据: 纬度=50.86642166666667, 经度=-0.08647999999999999
2025-02-14 17:40:18,528 - INFO - 成功解析GPS数据: 纬度=50.86642166666667, 经度=-0.08647999999999999
2025-02-14 17:40:19,034 - INFO - 成功解析GPS数据: 纬度=50.86642166666667, 经度=-0.08647999999999999
2025-02-14 17:40:19,536 - INFO - 成功解析GPS数据: 纬度=50.86642166666667, 经度=-0.08647999999999999
2025-02-14 17:40:20,041 - INFO - 成功解析GPS数据: 纬度=50.86642166666667, 经度=-0.08647999999999999
2025-02-14 17:40:20,547 - INFO - 成功解析GPS数据: 纬度=50.86642166666667, 经度=-0.08647999999999999
2025-02-14 17:40:21,052 - INFO - 成功解析GPS数据: 纬度=50.86642166666667, 经度=-0.08647999999999999
2025-02-14 17:40:21,555 - INFO - 成功解析GPS数据: 纬度=50.86642166666667, 经度=-0.08647999999999999
2025-02-14 17:40:22,057 - INFO - 成功解析GPS数据: 纬度=50.86642166666667, 经度=-0.08647999999999999
2025-02-14 17:40:22,562 - INFO - 成功解析GPS数据: 纬度=50.86642166666667, 经度=-0.08647999999999999
2025-02-14 17:40:23,068 - INFO - 成功解析GPS数据: 纬度=50.86642166666667, 经度=-0.08647999999999999
2025-02-14 17:40:23,573 - INFO - 成功解析GPS数据: 纬度=50.86642166666667, 经度=-0.08647999999999999
2025-02-14 17:40:24,076 - INFO - 成功解析GPS数据: 纬度=50.86642166666667, 经度=-0.08647999999999999
2025-02-14 17:40:24,582 - INFO - 成功解析GPS数据: 纬度=50.86642166666667, 经度=-0.08647999999999999
2025-02-14 17:40:25,089 - INFO - 成功解析GPS数据: 纬度=50.86642166666667, 经度=-0.08647999999999999
2025-02-14 17:40:25,594 - INFO - 成功解析GPS数据: 纬度=50.86642166666667, 经度=-0.08647999999999999
2025-02-14 17:40:26,100 - INFO - 成功解析GPS数据: 纬度=50.86642166666667, 经度=-0.08647999999999999
2025-02-14 17:40:26,606 - INFO - 成功解析GPS数据: 纬度=50.86642166666667, 经度=-0.08647999999999999
2025-02-14 17:40:27,112 - INFO - 成功解析GPS数据: 纬度=50.86642166666667, 经度=-0.08647999999999999
2025-02-14 17:40:27,219 - INFO - 程序被用户中断
2025-02-14 17:40:27,219 - ERROR - 清理共享内存资源时发生错误: name 'memory' is not defined
2025-02-14 17:56:40,849 - INFO - 成功解析GPS数据: 纬度=50.86644, 经度=-0.08642333333333332
2025-02-14 17:56:41,350 - INFO - 成功解析GPS数据: 纬度=50.86644, 经度=-0.08642333333333332
2025-02-14 17:56:41,855 - INFO - 成功解析GPS数据: 纬度=50.86644, 经度=-0.08642333333333332
2025-02-14 17:56:42,358 - INFO - 成功解析GPS数据: 纬度=50.86644, 经度=-0.08642333333333332
2025-02-14 17:56:42,863 - INFO - 成功解析GPS数据: 纬度=50.86644, 经度=-0.08642333333333332
2025-02-14 17:56:43,370 - INFO - 成功解析GPS数据: 纬度=50.86644, 经度=-0.08642333333333332
2025-02-14 17:56:43,876 - INFO - 成功解析GPS数据: 纬度=50.86644, 经度=-0.08642333333333332
2025-02-14 17:56:44,378 - INFO - 成功解析GPS数据: 纬度=50.86644, 经度=-0.08642333333333332
2025-02-14 17:56:44,808 - INFO - 程序被用户中断
2025-02-14 17:56:44,808 - ERROR - 清理共享内存资源时发生错误: name 'memory' is not defined
